This is pdfTeX, Version 3.1415926-2.3-1.40.12 (MiKTeX 2.9) (preloaded format=pdflatex 2012.2.21)  11 JUL 2012 15:16
entering extended mode
**rhgong_atosp.tex
(X:\projects\AutomaticTuningOfSysParams\spie\manuscript\rhgong_atosp.tex
LaTeX2e <2011/06/27>
Babel <v3.8m> and hyphenation patterns for english, afrikaans, ancientgreek, ar
abic, armenian, assamese, basque, bengali, bokmal, bulgarian, catalan, coptic, 
croatian, czech, danish, dutch, esperanto, estonian, farsi, finnish, french, ga
lician, german, german-x-2009-06-19, greek, gujarati, hindi, hungarian, iceland
ic, indonesian, interlingua, irish, italian, kannada, kurmanji, lao, latin, lat
vian, lithuanian, malayalam, marathi, mongolian, mongolianlmc, monogreek, ngerm
an, ngerman-x-2009-06-19, nynorsk, oriya, panjabi, pinyin, polish, portuguese, 
romanian, russian, sanskrit, serbian, slovak, slovenian, spanish, swedish, swis
sgerman, tamil, telugu, turkish, turkmen, ukenglish, ukrainian, uppersorbian, u
senglishmax, welsh, loaded.
(X:\projects\AutomaticTuningOfSysParams\spie\manuscript\spie.cls
Document Class: spie 2008/01/19 v3.3 SPIE Proceedings class
("C:\Program Files (x86)\MiKTeX 2.9\tex\latex\base\article.cls"
Document Class: article 2007/10/19 v1.4h Standard LaTeX document class
("C:\Program Files (x86)\MiKTeX 2.9\tex\latex\base\size10.clo"
File: size10.clo 2007/10/19 v1.4h Standard LaTeX file (size option)
)
\c@part=\count79
\c@section=\count80
\c@subsection=\count81
\c@subsubsection=\count82
\c@paragraph=\count83
\c@subparagraph=\count84
\c@figure=\count85
\c@table=\count86
\abovecaptionskip=\skip41
\belowcaptionskip=\skip42
\bibindent=\dimen102
)
ten-point font
(X:\projects\AutomaticTuningOfSysParams\spie\manuscript\ifthen.sty
Package: ifthen 2001/05/26 v1.1c Standard LaTeX ifthen package (DPC)
)
(X:\projects\AutomaticTuningOfSysParams\spie\manuscript\cite.sty
LaTeX Info: Redefining \cite on input line 285.
LaTeX Info: Redefining \nocite on input line 356.
Package: cite 2009/08/29  v 5.2
LaTeX Info: Redefining \cite on input line 437.
)
\c@theorem=\count87
)
("C:\Program Files (x86)\MiKTeX 2.9\tex\latex\graphics\graphicx.sty"
Package: graphicx 1999/02/16 v1.0f Enhanced LaTeX Graphics (DPC,SPQR)

("C:\Program Files (x86)\MiKTeX 2.9\tex\latex\graphics\keyval.sty"
Package: keyval 1999/03/16 v1.13 key=value parser (DPC)
\KV@toks@=\toks14
)
("C:\Program Files (x86)\MiKTeX 2.9\tex\latex\graphics\graphics.sty"
Package: graphics 2009/02/05 v1.0o Standard LaTeX Graphics (DPC,SPQR)

("C:\Program Files (x86)\MiKTeX 2.9\tex\latex\graphics\trig.sty"
Package: trig 1999/03/16 v1.09 sin cos tan (DPC)
)
("C:\Program Files (x86)\MiKTeX 2.9\tex\latex\00miktex\graphics.cfg"
File: graphics.cfg 2007/01/18 v1.5 graphics configuration of teTeX/TeXLive
)
Package graphics Info: Driver file: pdftex.def on input line 91.

("C:\Program Files (x86)\MiKTeX 2.9\tex\latex\pdftex-def\pdftex.def"
File: pdftex.def 2011/05/27 v0.06d Graphics/color for pdfTeX

("C:\Program Files (x86)\MiKTeX 2.9\tex\generic\oberdiek\infwarerr.sty"
Package: infwarerr 2010/04/08 v1.3 Providing info/warning/message (HO)
)
("C:\Program Files (x86)\MiKTeX 2.9\tex\generic\oberdiek\ltxcmds.sty"
Package: ltxcmds 2011/04/18 v1.20 LaTeX kernel commands for general use (HO)
)
\Gread@gobject=\count88
))
\Gin@req@height=\dimen103
\Gin@req@width=\dimen104
)
("C:\Program Files (x86)\MiKTeX 2.9\tex\latex\amsfonts\amssymb.sty"
Package: amssymb 2009/06/22 v3.00

("C:\Program Files (x86)\MiKTeX 2.9\tex\latex\amsfonts\amsfonts.sty"
Package: amsfonts 2009/06/22 v3.00 Basic AMSFonts support
\@emptytoks=\toks15
\symAMSa=\mathgroup4
\symAMSb=\mathgroup5
LaTeX Font Info:    Overwriting math alphabet `\mathfrak' in version `bold'
(Font)                  U/euf/m/n --> U/euf/b/n on input line 96.
))
(X:\projects\AutomaticTuningOfSysParams\spie\manuscript\rhgong_atosp.aux)
LaTeX Font Info:    Checking defaults for OML/cmm/m/it on input line 56.
LaTeX Font Info:    ... okay on input line 56.
LaTeX Font Info:    Checking defaults for T1/cmr/m/n on input line 56.
LaTeX Font Info:    ... okay on input line 56.
LaTeX Font Info:    Checking defaults for OT1/cmr/m/n on input line 56.
LaTeX Font Info:    ... okay on input line 56.
LaTeX Font Info:    Checking defaults for OMS/cmsy/m/n on input line 56.
LaTeX Font Info:    ... okay on input line 56.
LaTeX Font Info:    Checking defaults for OMX/cmex/m/n on input line 56.
LaTeX Font Info:    ... okay on input line 56.
LaTeX Font Info:    Checking defaults for U/cmr/m/n on input line 56.
LaTeX Font Info:    ... okay on input line 56.

(C:\Users\rgong.CNMCRESEARCH\AppData\Roaming\MiKTeX\2.9\tex\context\base\supp-p
df.mkii
[Loading MPS to PDF converter (version 2006.09.02).]
\scratchcounter=\count89
\scratchdimen=\dimen105
\scratchbox=\box26
\nofMPsegments=\count90
\nofMParguments=\count91
\everyMPshowfont=\toks16
\MPscratchCnt=\count92
\MPscratchDim=\dimen106
\MPnumerator=\count93
\makeMPintoPDFobject=\count94
\everyMPtoPDFconversion=\toks17
)
cmr-font_in_spiecls
10pt
LaTeX Font Info:    Try loading font information for U+msa on input line 74.
("C:\Program Files (x86)\MiKTeX 2.9\tex\latex\amsfonts\umsa.fd"
File: umsa.fd 2009/06/22 v3.00 AMS symbols A
)
LaTeX Font Info:    Try loading font information for U+msb on input line 74.

("C:\Program Files (x86)\MiKTeX 2.9\tex\latex\amsfonts\umsb.fd"
File: umsb.fd 2009/06/22 v3.00 AMS symbols B
) [1

{C:/Users/rgong.CNMCRESEARCH/AppData/Local/MiKTeX/2.9/pdftex/config/pdftex.map}
]
<pics/framework.png, id=15, 1180.41pt x 865.82294pt>
File: pics/framework.png Graphic file (type png)
 <use pics/framework.png>
Package pdftex.def Info: pics/framework.png used on input line 90.
(pdftex.def)             Requested size: 361.34999pt x 265.04665pt.

[2 <X:/projects/AutomaticTuningOfSysParams/spie/manuscript/pics/framework.png>]
[3] <pics/seg_p0t0.png, id=27, 567.11874pt x 516.93124pt>
File: pics/seg_p0t0.png Graphic file (type png)

<use pics/seg_p0t0.png>
Package pdftex.def Info: pics/seg_p0t0.png used on input line 160.
(pdftex.def)             Requested size: 50.58878pt x 46.11163pt.
 <pics/seg_p1t0.png, id=28, 567.11874pt x 516.93124pt>
File: pics/seg_p1t0.png Graphic file (type png)

<use pics/seg_p1t0.png>
Package pdftex.def Info: pics/seg_p1t0.png used on input line 160.
(pdftex.def)             Requested size: 50.58878pt x 46.11163pt.
 <pics/seg_p2t0.png, id=29, 567.11874pt x 516.93124pt>
File: pics/seg_p2t0.png Graphic file (type png)

<use pics/seg_p2t0.png>
Package pdftex.def Info: pics/seg_p2t0.png used on input line 160.
(pdftex.def)             Requested size: 50.58878pt x 46.11163pt.
 <pics/seg_p3t20.png, id=30, 567.11874pt x 516.93124pt>
File: pics/seg_p3t20.png Graphic file (type png)

<use pics/seg_p3t20.png>
Package pdftex.def Info: pics/seg_p3t20.png used on input line 160.
(pdftex.def)             Requested size: 50.58878pt x 46.11163pt.
 <pics/seg_p4t0.png, id=31, 567.11874pt x 516.93124pt>
File: pics/seg_p4t0.png Graphic file (type png)

<use pics/seg_p4t0.png>
Package pdftex.def Info: pics/seg_p4t0.png used on input line 160.
(pdftex.def)             Requested size: 50.58878pt x 46.11163pt.

<pics/seg_p0t0_t50.png, id=32, 567.11874pt x 516.93124pt>
File: pics/seg_p0t0_t50.png Graphic file (type png)

<use pics/seg_p0t0_t50.png>
Package pdftex.def Info: pics/seg_p0t0_t50.png used on input line 162.
(pdftex.def)             Requested size: 50.58878pt x 46.11163pt.

<pics/seg_p1t0_t50.png, id=33, 567.11874pt x 516.93124pt>
File: pics/seg_p1t0_t50.png Graphic file (type png)

<use pics/seg_p1t0_t50.png>
Package pdftex.def Info: pics/seg_p1t0_t50.png used on input line 162.
(pdftex.def)             Requested size: 50.58878pt x 46.11163pt.

<pics/seg_p2t0_t50.png, id=34, 567.11874pt x 516.93124pt>
File: pics/seg_p2t0_t50.png Graphic file (type png)

<use pics/seg_p2t0_t50.png>
Package pdftex.def Info: pics/seg_p2t0_t50.png used on input line 162.
(pdftex.def)             Requested size: 50.58878pt x 46.11163pt.

<pics/seg_p3t20_t50.png, id=35, 567.11874pt x 516.93124pt>
File: pics/seg_p3t20_t50.png Graphic file (type png)

<use pics/seg_p3t20_t50.png>
Package pdftex.def Info: pics/seg_p3t20_t50.png used on input line 162.
(pdftex.def)             Requested size: 50.58878pt x 46.11163pt.

<pics/seg_p4t0_t50.png, id=36, 567.11874pt x 516.93124pt>
File: pics/seg_p4t0_t50.png Graphic file (type png)

<use pics/seg_p4t0_t50.png>
Package pdftex.def Info: pics/seg_p4t0_t50.png used on input line 162.
(pdftex.def)             Requested size: 50.58878pt x 46.11163pt.

<pics/registrations_for_validation.png, id=37, 1388.71765pt x 259.32176pt>
File: pics/registrations_for_validation.png Graphic file (type png)

<use pics/registrations_for_validation.png>
Package pdftex.def Info: pics/registrations_for_validation.png used on input li
ne 177.
(pdftex.def)             Requested size: 361.34999pt x 67.47746pt.
 [4 <X:/projects/AutomaticTuningOfSysParams/spie/manuscript/pics/seg_p0t0.png (
PNG copy)> <X:/projects/AutomaticTuningOfSysParams/spie/manuscript/pics/seg_p1t
0.png (PNG copy)> <X:/projects/AutomaticTuningOfSysParams/spie/manuscript/pics/
seg_p2t0.png (PNG copy)> <X:/projects/AutomaticTuningOfSysParams/spie/manuscrip
t/pics/seg_p3t20.png (PNG copy)> <X:/projects/AutomaticTuningOfSysParams/spie/m
anuscript/pics/seg_p4t0.png (PNG copy)> <X:/projects/AutomaticTuningOfSysParams
/spie/manuscript/pics/seg_p0t0_t50.png (PNG copy)> <X:/projects/AutomaticTuning
OfSysParams/spie/manuscript/pics/seg_p1t0_t50.png (PNG copy)> <X:/projects/Auto
maticTuningOfSysParams/spie/manuscript/pics/seg_p2t0_t50.png (PNG copy)> <X:/pr
ojects/AutomaticTuningOfSysParams/spie/manuscript/pics/seg_p3t20_t50.png (PNG c
opy)> <X:/projects/AutomaticTuningOfSysParams/spie/manuscript/pics/seg_p4t0_t50
.png (PNG copy)>]
<pics/f_plot_p0.png, id=42, 361.35pt x 216.81pt>
File: pics/f_plot_p0.png Graphic file (type png)
 <use pics/f_plot_p0.png>
Package pdftex.def Info: pics/f_plot_p0.png used on input line 201.
(pdftex.def)             Requested size: 173.44756pt x 104.06761pt.

<pics/f_plot_p1.png, id=43, 361.35pt x 216.81pt>
File: pics/f_plot_p1.png Graphic file (type png)
 <use pics/f_plot_p1.png>
Package pdftex.def Info: pics/f_plot_p1.png used on input line 202.
(pdftex.def)             Requested size: 173.44756pt x 104.06761pt.

<pics/f_plot_p2.png, id=44, 361.35pt x 216.81pt>
File: pics/f_plot_p2.png Graphic file (type png)
 <use pics/f_plot_p2.png>
Package pdftex.def Info: pics/f_plot_p2.png used on input line 203.
(pdftex.def)             Requested size: 173.44756pt x 104.06761pt.

<pics/f_plot_p3.png, id=45, 361.35pt x 216.81pt>
File: pics/f_plot_p3.png Graphic file (type png)
 <use pics/f_plot_p3.png>
Package pdftex.def Info: pics/f_plot_p3.png used on input line 204.
(pdftex.def)             Requested size: 173.44756pt x 104.06761pt.

<pics/results_training.png, id=46, 594.72188pt x 310.15875pt>
File: pics/results_training.png Graphic file (type png)

<use pics/results_training.png>
Package pdftex.def Info: pics/results_training.png used on input line 213.
(pdftex.def)             Requested size: 361.34999pt x 188.44879pt.
 [5 <X:/projects/AutomaticTuningOfSysParams/spie/manuscript/pics/registrations_
for_validation.png> <X:/projects/AutomaticTuningOfSysParams/spie/manuscript/pic
s/f_plot_p0.png> <X:/projects/AutomaticTuningOfSysParams/spie/manuscript/pics/f
_plot_p1.png> <X:/projects/AutomaticTuningOfSysParams/spie/manuscript/pics/f_pl
ot_p2.png> <X:/projects/AutomaticTuningOfSysParams/spie/manuscript/pics/f_plot_
p3.png>] [6 <X:/projects/AutomaticTuningOfSysParams/spie/manuscript/pics/result
s_training.png>]
(X:\projects\AutomaticTuningOfSysParams\spie\manuscript\rhgong_atosp.bbl
Missing character: There is no – in font cmr10!
)
[7] (X:\projects\AutomaticTuningOfSysParams\spie\manuscript\rhgong_atosp.aux) )
 
Here is how much of TeX's memory you used:
 1710 strings out of 494045
 22844 string characters out of 3146017
 76048 words of memory out of 3000000
 4994 multiletter control sequences out of 15000+200000
 10653 words of font info for 41 fonts, out of 3000000 for 9000
 715 hyphenation exceptions out of 8191
 29i,11n,24p,1411b,356s stack positions out of 5000i,500n,10000p,200000b,50000s
<C:/Program Files (x86)/MiKTeX 2.9/fonts/type1/public/amsfonts/cm/cmbx10.pfb><C
:/Program Files (x86)/MiKTeX 2.9/fonts/type1/public/amsfonts/cm/cmbx12.pfb><C:/
Program Files (x86)/MiKTeX 2.9/fonts/type1/public/amsfonts/cm/cmex10.pfb><C:/Pr
ogram Files (x86)/MiKTeX 2.9/fonts/type1/public/amsfonts/cm/cmmi10.pfb><C:/Prog
ram Files (x86)/MiKTeX 2.9/fonts/type1/public/amsfonts/cm/cmmi7.pfb><C:/Program
 Files (x86)/MiKTeX 2.9/fonts/type1/public/amsfonts/cm/cmr10.pfb><C:/Program Fi
les (x86)/MiKTeX 2.9/fonts/type1/public/amsfonts/cm/cmr12.pfb><C:/Program Files
 (x86)/MiKTeX 2.9/fonts/type1/public/amsfonts/cm/cmr7.pfb><C:/Program Files (x8
6)/MiKTeX 2.9/fonts/type1/public/amsfonts/cm/cmr9.pfb><C:/Program Files (x86)/M
iKTeX 2.9/fonts/type1/public/amsfonts/cm/cmsy10.pfb><C:/Program Files (x86)/MiK
TeX 2.9/fonts/type1/public/amsfonts/cm/cmsy6.pfb><C:/Program Files (x86)/MiKTeX
 2.9/fonts/type1/public/amsfonts/cm/cmsy7.pfb><C:/Program Files (x86)/MiKTeX 2.
9/fonts/type1/public/amsfonts/cm/cmti10.pfb><C:/Program Files (x86)/MiKTeX 2.9/
fonts/type1/public/amsfonts/cm/cmti9.pfb><C:/Program Files (x86)/MiKTeX 2.9/fon
ts/type1/public/amsfonts/symbols/msbm10.pfb>
Output written on rhgong_atosp.pdf (7 pages, 1299687 bytes).
PDF statistics:
 110 PDF objects out of 1000 (max. 8388607)
 0 named destinations out of 1000 (max. 500000)
 86 words of extra memory for PDF output out of 10000 (max. 10000000)

